Start testing: Jul 25 22:54 Œrodkowoeuropejski czas letni
----------------------------------------------------------
1/1 Testing: HelloTest.BasicAssertions
1/1 Test: HelloTest.BasicAssertions
Command: "C:/SE/Projects/Concepts/GtestProj/build/hello_test.exe" "--gtest_filter=HelloTest.BasicAssertions" "--gtest_also_run_disabled_tests"
Directory: C:/SE/Projects/Concepts/GtestProj/build
"HelloTest.BasicAssertions" start time: Jul 25 22:54 Œrodkowoeuropejski czas letni
Output:
----------------------------------------------------------
Running main() from C:\SE\Projects\Concepts\GtestProj\build\_deps\googletest-src\googletest\src\gtest_main.cc
Note: Google Test filter = HelloTest.BasicAssertions
[==========] Running 1 test from 1 test suite.
[----------] Global test environment set-up.
[----------] 1 test from HelloTest
[ RUN      ] HelloTest.BasicAssertions
[       OK ] HelloTest.BasicAssertions (0 ms)
[----------] 1 test from HelloTest (0 ms total)

[----------] Global test environment tear-down
[==========] 1 test from 1 test suite ran. (0 ms total)
[  PASSED  ] 1 test.
<end of output>
Test time =   0.01 sec
----------------------------------------------------------
Test Passed.
"HelloTest.BasicAssertions" end time: Jul 25 22:54 Œrodkowoeuropejski czas letni
"HelloTest.BasicAssertions" time elapsed: 00:00:00
----------------------------------------------------------

End testing: Jul 25 22:54 Œrodkowoeuropejski czas letni
